<?xml version="1.0" encoding="UTF-8"?>
<!-- Generated by org.testng.reporters.JUnitXMLReporter -->
<testsuite ignored="0" hostname="HTCLT1474" failures="0" tests="11" name="Lead" time="2.236" errors="0" timestamp="2024-02-08T15:05:22 IST">
  <testcase classname="Test.Lead_Sceanario_ExtentReport" name="@BeforeTest beforetest" time="2.143">
    <failure type="org.openqa.selenium.SessionNotCreatedException" message="session not created: This version of ChromeDriver only supports Chrome version 119
Current browser version is 121.0.6167.160 with binary path C:\Program Files\Google\Chrome\Application\chrome.exe
Build info: version: &amp;apos;3.5.0&amp;apos;, revision: &amp;apos;8def36e068&amp;apos;, time: &amp;apos;2017-08-10T23:00:22.093Z&amp;apos;
System info: host: &amp;apos;HTCLT1474&amp;apos;, ip: &amp;apos;192.168.200.222&amp;apos;, os.name: &amp;apos;Windows 10&amp;apos;, os.arch: &amp;apos;amd64&amp;apos;, os.version: &amp;apos;10.0&amp;apos;, java.version: &amp;apos;11.0.18&amp;apos;
Driver info: driver.version: ChromeDriver
remote stacktrace: 	GetHandleVerifier [0x00007FF635BC82B2+55298]
	(No symbol) [0x00007FF635B35E02]
	(No symbol) [0x00007FF6359F05AB]
	(No symbol) [0x00007FF635A23E72]
	(No symbol) [0x00007FF635A232FE]
	(No symbol) [0x00007FF635A1EC6C]
	(No symbol) [0x00007FF635A1B30E]
	(No symbol) [0x00007FF635A5A198]
	(No symbol) [0x00007FF635A59CB0]
	(No symbol) [0x00007FF635A51E83]
	(No symbol) [0x00007FF635A2670A]
	(No symbol) [0x00007FF635A27964]
	GetHandleVerifier [0x00007FF635F40AAB+3694587]
	GetHandleVerifier [0x00007FF635F9728E+4048862]
	GetHandleVerifier [0x00007FF635F8F173+4015811]
	GetHandleVerifier [0x00007FF635C647D6+695590]
	(No symbol) [0x00007FF635B40CE8]
	(No symbol) [0x00007FF635B3CF34]
	(No symbol) [0x00007FF635B3D062]
	(No symbol) [0x00007FF635B2D3A3]
	BaseThreadInitThunk [0x00007FF8667F7344+20]
	RtlUserThreadStart [0x00007FF8683426B1+33]
">
      <![CDATA[org.openqa.selenium.SessionNotCreatedException: session not created: This version of ChromeDriver only supports Chrome version 119
Current browser version is 121.0.6167.160 with binary path C:\Program Files\Google\Chrome\Application\chrome.exe
Build info: version: '3.5.0', revision: '8def36e068', time: '2017-08-10T23:00:22.093Z'
System info: host: 'HTCLT1474', ip: '192.168.200.222', os.name: 'Windows 10', os.arch: 'amd64', os.version: '10.0', java.version: '11.0.18'
Driver info: driver.version: ChromeDriver
remote stacktrace: GetHandleVerifier [0x00007FF635BC82B2+55298]
(No symbol) [0x00007FF635B35E02]
(No symbol) [0x00007FF6359F05AB]
(No symbol) [0x00007FF635A23E72]
(No symbol) [0x00007FF635A232FE]
(No symbol) [0x00007FF635A1EC6C]
(No symbol) [0x00007FF635A1B30E]
(No symbol) [0x00007FF635A5A198]
(No symbol) [0x00007FF635A59CB0]
(No symbol) [0x00007FF635A51E83]
(No symbol) [0x00007FF635A2670A]
(No symbol) [0x00007FF635A27964]
GetHandleVerifier [0x00007FF635F40AAB+3694587]
GetHandleVerifier [0x00007FF635F9728E+4048862]
GetHandleVerifier [0x00007FF635F8F173+4015811]
GetHandleVerifier [0x00007FF635C647D6+695590]
(No symbol) [0x00007FF635B40CE8]
(No symbol) [0x00007FF635B3CF34]
(No symbol) [0x00007FF635B3D062]
(No symbol) [0x00007FF635B2D3A3]
BaseThreadInitThunk [0x00007FF8667F7344+20]
RtlUserThreadStart [0x00007FF8683426B1+33]

at org.openqa.selenium.remote.W3CHandshakeResponse.lambda$new$0(W3CHandshakeResponse.java:57)
at org.openqa.selenium.remote.W3CHandshakeResponse.lambda$getResponseFunction$2(W3CHandshakeResponse.java:104)
at org.openqa.selenium.remote.ProtocolHandshake.lambda$createSession$24(ProtocolHandshake.java:360)
at java.base/java.util.stream.ReferencePipeline$3$1.accept(ReferencePipeline.java:195)
at java.base/java.util.Spliterators$ArraySpliterator.tryAdvance(Spliterators.java:958)
at java.base/java.util.stream.ReferencePipeline.forEachWithCancel(ReferencePipeline.java:127)
at java.base/java.util.stream.AbstractPipeline.copyIntoWithCancel(AbstractPipeline.java:502)
at java.base/java.util.stream.AbstractPipeline.copyInto(AbstractPipeline.java:488)
at java.base/java.util.stream.AbstractPipeline.wrapAndCopyInto(AbstractPipeline.java:474)
at java.base/java.util.stream.FindOps$FindOp.evaluateSequential(FindOps.java:150)
at java.base/java.util.stream.AbstractPipeline.evaluate(AbstractPipeline.java:234)
at java.base/java.util.stream.ReferencePipeline.findFirst(ReferencePipeline.java:543)
at org.openqa.selenium.remote.ProtocolHandshake.createSession(ProtocolHandshake.java:363)
at org.openqa.selenium.remote.ProtocolHandshake.createSession(ProtocolHandshake.java:137)
at org.openqa.selenium.remote.HttpCommandExecutor.execute(HttpCommandExecutor.java:142)
at org.openqa.selenium.remote.service.DriverCommandExecutor.execute(DriverCommandExecutor.java:82)
at org.openqa.selenium.remote.RemoteWebDriver.execute(RemoteWebDriver.java:641)
at org.openqa.selenium.remote.RemoteWebDriver.startSession(RemoteWebDriver.java:254)
at org.openqa.selenium.remote.RemoteWebDriver.startSession(RemoteWebDriver.java:236)
at org.openqa.selenium.remote.RemoteWebDriver.<init>(RemoteWebDriver.java:137)
at org.openqa.selenium.chrome.ChromeDriver.<init>(ChromeDriver.java:178)
at org.openqa.selenium.chrome.ChromeDriver.<init>(ChromeDriver.java:167)
at org.openqa.selenium.chrome.ChromeDriver.<init>(ChromeDriver.java:124)
at Test.Lead_Sceanario_ExtentReport.beforetest(Lead_Sceanario_ExtentReport.java:67)
at java.base/java.util.concurrent.FutureTask.run(FutureTask.java:264)
at java.base/java.util.concurrent.ThreadPoolExecutor.runWorker(ThreadPoolExecutor.java:1128)
at java.base/java.util.concurrent.ThreadPoolExecutor$Worker.run(ThreadPoolExecutor.java:628)
at java.base/java.lang.Thread.run(Thread.java:829)
... Removed 18 stack frames]]>
    </failure>
  </testcase> <!-- @BeforeTest beforetest -->
  <testcase classname="Test.Lead_Sceanario_ExtentReport" name="@BeforeMethod beforemethod" time="0.0">
    <skipped/>
  </testcase> <!-- @BeforeMethod beforemethod -->
  <testcase classname="Test.Lead_Sceanario_ExtentReport" name="@BeforeMethod beforemethod" time="0.0">
    <skipped/>
  </testcase> <!-- @BeforeMethod beforemethod -->
  <testcase classname="Test.Lead_Sceanario_ExtentReport" name="@BeforeMethod beforemethod" time="0.0">
    <skipped/>
  </testcase> <!-- @BeforeMethod beforemethod -->
  <testcase classname="Test.Lead_Sceanario_ExtentReport" name="@BeforeMethod beforemethod" time="0.0">
    <skipped/>
  </testcase> <!-- @BeforeMethod beforemethod -->
  <testcase classname="Test.Lead_Sceanario_ExtentReport" name="@BeforeMethod beforemethod" time="0.0">
    <skipped/>
  </testcase> <!-- @BeforeMethod beforemethod -->
  <testcase classname="Test.Lead_Sceanario_ExtentReport" name="@BeforeMethod beforemethod" time="0.0">
    <skipped/>
  </testcase> <!-- @BeforeMethod beforemethod -->
  <testcase classname="Test.Lead_Sceanario_ExtentReport" name="@BeforeMethod beforemethod" time="0.0">
    <skipped/>
  </testcase> <!-- @BeforeMethod beforemethod -->
  <testcase classname="Test.Lead_Sceanario_ExtentReport" name="@BeforeMethod beforemethod" time="0.0">
    <skipped/>
  </testcase> <!-- @BeforeMethod beforemethod -->
  <testcase classname="Test.Lead_Sceanario_ExtentReport" name="@BeforeMethod beforemethod" time="0.0">
    <skipped/>
  </testcase> <!-- @BeforeMethod beforemethod -->
  <testcase classname="Test.Lead_Sceanario_ExtentReport" name="@BeforeMethod beforemethod" time="0.0">
    <skipped/>
  </testcase> <!-- @BeforeMethod beforemethod -->
  <testcase classname="Test.Lead_Sceanario_ExtentReport" name="@BeforeMethod beforemethod" time="0.0">
    <skipped/>
  </testcase> <!-- @BeforeMethod beforemethod -->
  <testcase classname="Test.Lead_Sceanario_ExtentReport" name="@AfterTest aftertest" time="0.0">
    <skipped/>
  </testcase> <!-- @AfterTest aftertest -->
  <testcase classname="Test.Lead_Sceanario_ExtentReport" name="Login_Salesforce_page" time="0.001">
    <skipped/>
  </testcase> <!-- Login_Salesforce_page -->
  <testcase classname="Test.Lead_Sceanario_ExtentReport" name="Homepage" time="0.0">
    <skipped/>
  </testcase> <!-- Homepage -->
  <testcase classname="Test.Lead_Sceanario_ExtentReport" name="LastName_company_check" time="0.0">
    <skipped/>
  </testcase> <!-- LastName_company_check -->
  <testcase classname="Test.Lead_Sceanario_ExtentReport" name="Lead_LastName_Company" time="0.001">
    <skipped/>
  </testcase> <!-- Lead_LastName_Company -->
  <testcase classname="Test.Lead_Sceanario_ExtentReport" name="Validate_the_field" time="0.0">
    <skipped/>
  </testcase> <!-- Validate_the_field -->
  <testcase classname="Test.Lead_Sceanario_ExtentReport" name="AnnualRevenue" time="0.0">
    <skipped/>
  </testcase> <!-- AnnualRevenue -->
  <testcase classname="Test.Lead_Sceanario_ExtentReport" name="Address" time="0.0">
    <skipped/>
  </testcase> <!-- Address -->
  <testcase classname="Test.Lead_Sceanario_ExtentReport" name="LeadConversion" time="0.0">
    <skipped/>
  </testcase> <!-- LeadConversion -->
  <testcase classname="Test.Lead_Sceanario_ExtentReport" name="LeadStauts" time="0.0">
    <skipped/>
  </testcase> <!-- LeadStauts -->
  <testcase classname="Test.Lead_Sceanario_ExtentReport" name="Account_Creation" time="0.0">
    <skipped/>
  </testcase> <!-- Account_Creation -->
  <testcase classname="Test.Lead_Sceanario_ExtentReport" name="Opportunity_Creation" time="0.0">
    <skipped/>
  </testcase> <!-- Opportunity_Creation -->
</testsuite> <!-- Lead -->
