<?xml version="1.0" encoding="UTF-8"?>
<!-- Generated by org.testng.reporters.JUnitReportReporter -->
<testsuite hostname="HTCLT1474" failures="0" tests="19" name="Test.Opportunity_Scenario_ExtentReport" time="1.692" errors="1" timestamp="2024-02-08T15:05:28 IST" skipped="18">
  <testcase classname="Test.Opportunity_Scenario_ExtentReport" name="beforetest" time="1.691">
    <error message="session not created: This version of ChromeDriver only supports Chrome version 119
Current browser version is 121.0.6167.160 with binary path C:\Program Files\Google\Chrome\Application\chrome.exe
Build info: version: &#039;3.5.0&#039;, revision: &#039;8def36e068&#039;, time: &#039;2017-08-10T23:00:22.093Z&#039;
System info: host: &#039;HTCLT1474&#039;, ip: &#039;192.168.200.222&#039;, os.name: &#039;Windows 10&#039;, os.arch: &#039;amd64&#039;, os.version: &#039;10.0&#039;, java.version: &#039;11.0.18&#039;
Driver info: driver.version: ChromeDriver
remote stacktrace: 	GetHandleVerifier [0x00007FF635BC82B2+55298]
	(No symbol) [0x00007FF635B35E02]
	(No symbol) [0x00007FF6359F05AB]
	(No symbol) [0x00007FF635A23E72]
	(No symbol) [0x00007FF635A232FE]
	(No symbol) [0x00007FF635A1EC6C]
	(No symbol) [0x00007FF635A1B30E]
	(No symbol) [0x00007FF635A5A198]
	(No symbol) [0x00007FF635A59CB0]
	(No symbol) [0x00007FF635A51E83]
	(No symbol) [0x00007FF635A2670A]
	(No symbol) [0x00007FF635A27964]
	GetHandleVerifier [0x00007FF635F40AAB+3694587]
	GetHandleVerifier [0x00007FF635F9728E+4048862]
	GetHandleVerifier [0x00007FF635F8F173+4015811]
	GetHandleVerifier [0x00007FF635C647D6+695590]
	(No symbol) [0x00007FF635B40CE8]
	(No symbol) [0x00007FF635B3CF34]
	(No symbol) [0x00007FF635B3D062]
	(No symbol) [0x00007FF635B2D3A3]
	BaseThreadInitThunk [0x00007FF8667F7344+20]
	RtlUserThreadStart [0x00007FF8683426B1+33]
" type="org.openqa.selenium.SessionNotCreatedException">
      <![CDATA[org.openqa.selenium.SessionNotCreatedException: session not created: This version of ChromeDriver only supports Chrome version 119
Current browser version is 121.0.6167.160 with binary path C:\Program Files\Google\Chrome\Application\chrome.exe
Build info: version: '3.5.0', revision: '8def36e068', time: '2017-08-10T23:00:22.093Z'
System info: host: 'HTCLT1474', ip: '192.168.200.222', os.name: 'Windows 10', os.arch: 'amd64', os.version: '10.0', java.version: '11.0.18'
Driver info: driver.version: ChromeDriver
remote stacktrace: GetHandleVerifier [0x00007FF635BC82B2+55298]
(No symbol) [0x00007FF635B35E02]
(No symbol) [0x00007FF6359F05AB]
(No symbol) [0x00007FF635A23E72]
(No symbol) [0x00007FF635A232FE]
(No symbol) [0x00007FF635A1EC6C]
(No symbol) [0x00007FF635A1B30E]
(No symbol) [0x00007FF635A5A198]
(No symbol) [0x00007FF635A59CB0]
(No symbol) [0x00007FF635A51E83]
(No symbol) [0x00007FF635A2670A]
(No symbol) [0x00007FF635A27964]
GetHandleVerifier [0x00007FF635F40AAB+3694587]
GetHandleVerifier [0x00007FF635F9728E+4048862]
GetHandleVerifier [0x00007FF635F8F173+4015811]
GetHandleVerifier [0x00007FF635C647D6+695590]
(No symbol) [0x00007FF635B40CE8]
(No symbol) [0x00007FF635B3CF34]
(No symbol) [0x00007FF635B3D062]
(No symbol) [0x00007FF635B2D3A3]
BaseThreadInitThunk [0x00007FF8667F7344+20]
RtlUserThreadStart [0x00007FF8683426B1+33]

at java.base/jdk.internal.reflect.NativeConstructorAccessorImpl.newInstance0(Native Method)
at java.base/jdk.internal.reflect.NativeConstructorAccessorImpl.newInstance(NativeConstructorAccessorImpl.java:62)
at java.base/jdk.internal.reflect.DelegatingConstructorAccessorImpl.newInstance(DelegatingConstructorAccessorImpl.java:45)
at java.base/java.lang.reflect.Constructor.newInstance(Constructor.java:490)
at org.openqa.selenium.remote.W3CHandshakeResponse.lambda$new$0(W3CHandshakeResponse.java:57)
at org.openqa.selenium.remote.W3CHandshakeResponse.lambda$getResponseFunction$2(W3CHandshakeResponse.java:104)
at org.openqa.selenium.remote.ProtocolHandshake.lambda$createSession$24(ProtocolHandshake.java:360)
at java.base/java.util.stream.ReferencePipeline$3$1.accept(ReferencePipeline.java:195)
at java.base/java.util.Spliterators$ArraySpliterator.tryAdvance(Spliterators.java:958)
at java.base/java.util.stream.ReferencePipeline.forEachWithCancel(ReferencePipeline.java:127)
at java.base/java.util.stream.AbstractPipeline.copyIntoWithCancel(AbstractPipeline.java:502)
at java.base/java.util.stream.AbstractPipeline.copyInto(AbstractPipeline.java:488)
at java.base/java.util.stream.AbstractPipeline.wrapAndCopyInto(AbstractPipeline.java:474)
at java.base/java.util.stream.FindOps$FindOp.evaluateSequential(FindOps.java:150)
at java.base/java.util.stream.AbstractPipeline.evaluate(AbstractPipeline.java:234)
at java.base/java.util.stream.ReferencePipeline.findFirst(ReferencePipeline.java:543)
at org.openqa.selenium.remote.ProtocolHandshake.createSession(ProtocolHandshake.java:363)
at org.openqa.selenium.remote.ProtocolHandshake.createSession(ProtocolHandshake.java:137)
at org.openqa.selenium.remote.HttpCommandExecutor.execute(HttpCommandExecutor.java:142)
at org.openqa.selenium.remote.service.DriverCommandExecutor.execute(DriverCommandExecutor.java:82)
at org.openqa.selenium.remote.RemoteWebDriver.execute(RemoteWebDriver.java:641)
at org.openqa.selenium.remote.RemoteWebDriver.startSession(RemoteWebDriver.java:254)
at org.openqa.selenium.remote.RemoteWebDriver.startSession(RemoteWebDriver.java:236)
at org.openqa.selenium.remote.RemoteWebDriver.<init>(RemoteWebDriver.java:137)
at org.openqa.selenium.chrome.ChromeDriver.<init>(ChromeDriver.java:178)
at org.openqa.selenium.chrome.ChromeDriver.<init>(ChromeDriver.java:167)
at org.openqa.selenium.chrome.ChromeDriver.<init>(ChromeDriver.java:124)
at Test.Opportunity_Scenario_ExtentReport.beforetest(Opportunity_Scenario_ExtentReport.java:76)
at java.base/jdk.internal.reflect.NativeMethodAccessorImpl.invoke0(Native Method)
at java.base/jdk.internal.reflect.NativeMethodAccessorImpl.invoke(NativeMethodAccessorImpl.java:62)
at java.base/jdk.internal.reflect.DelegatingMethodAccessorImpl.invoke(DelegatingMethodAccessorImpl.java:43)
at java.base/java.lang.reflect.Method.invoke(Method.java:566)
at org.testng.internal.invokers.MethodInvocationHelper.invokeMethod(MethodInvocationHelper.java:139)
at org.testng.internal.invokers.MethodInvocationHelper.invokeMethodConsideringTimeout(MethodInvocationHelper.java:69)
at org.testng.internal.invokers.ConfigInvoker.invokeConfigurationMethod(ConfigInvoker.java:390)
at org.testng.internal.invokers.ConfigInvoker.invokeConfigurations(ConfigInvoker.java:325)
at org.testng.TestRunner.invokeTestConfigurations(TestRunner.java:663)
at org.testng.TestRunner.beforeRun(TestRunner.java:652)
at org.testng.TestRunner.run(TestRunner.java:614)
at org.testng.SuiteRunner.runTest(SuiteRunner.java:443)
at org.testng.SuiteRunner$SuiteWorker.run(SuiteRunner.java:481)
at org.testng.internal.thread.ThreadUtil.lambda$execute$0(ThreadUtil.java:58)
at java.base/java.util.concurrent.FutureTask.run(FutureTask.java:264)
at java.base/java.util.concurrent.ThreadPoolExecutor.runWorker(ThreadPoolExecutor.java:1128)
at java.base/java.util.concurrent.ThreadPoolExecutor$Worker.run(ThreadPoolExecutor.java:628)
at java.base/java.lang.Thread.run(Thread.java:829)
]]>
    </error>
  </testcase> <!-- beforetest -->
  <testcase classname="Test.Opportunity_Scenario_ExtentReport" name="Login_Salesforce_page" time="0.000">
    <skipped/>
  </testcase> <!-- Login_Salesforce_page -->
  <testcase classname="Test.Opportunity_Scenario_ExtentReport" name="Homepage" time="0.000">
    <skipped/>
  </testcase> <!-- Homepage -->
  <testcase classname="Test.Opportunity_Scenario_ExtentReport" name="Opportunity_Layouts" time="0.000">
    <skipped/>
  </testcase> <!-- Opportunity_Layouts -->
  <testcase classname="Test.Opportunity_Scenario_ExtentReport" name="Opportunity_Date_Field_Type" time="0.000">
    <skipped/>
  </testcase> <!-- Opportunity_Date_Field_Type -->
  <testcase classname="Test.Opportunity_Scenario_ExtentReport" name="AutopopulateAnnualRevenue" time="0.001">
    <skipped/>
  </testcase> <!-- AutopopulateAnnualRevenue -->
  <testcase classname="Test.Opportunity_Scenario_ExtentReport" name="Qualification_NewTask" time="0.000">
    <skipped/>
  </testcase> <!-- Qualification_NewTask -->
  <testcase classname="Test.Opportunity_Scenario_ExtentReport" name="AutoPopulate_Contact" time="0.000">
    <skipped/>
  </testcase> <!-- AutoPopulate_Contact -->
  <testcase classname="Test.Opportunity_Scenario_ExtentReport" name="Quote_created_tab" time="0.000">
    <skipped/>
  </testcase> <!-- Quote_created_tab -->
  <testcase classname="Test.Opportunity_Scenario_ExtentReport" name="Check_Product" time="0.000">
    <skipped/>
  </testcase> <!-- Check_Product -->
  <testcase classname="Test.Opportunity_Scenario_ExtentReport" name="Quote_created_PDF" time="0.000">
    <skipped/>
  </testcase> <!-- Quote_created_PDF -->
  <testcase classname="Test.Opportunity_Scenario_ExtentReport" name="Notes_Attachmented" time="0.000">
    <skipped/>
  </testcase> <!-- Notes_Attachmented -->
  <testcase classname="Test.Opportunity_Scenario_ExtentReport" name="Quote_Accepted" time="0.000">
    <skipped/>
  </testcase> <!-- Quote_Accepted -->
  <testcase classname="Test.Opportunity_Scenario_ExtentReport" name="Closed_won" time="0.000">
    <skipped/>
  </testcase> <!-- Closed_won -->
  <testcase classname="Test.Opportunity_Scenario_ExtentReport" name="Contract_Created" time="0.000">
    <skipped/>
  </testcase> <!-- Contract_Created -->
  <testcase classname="Test.Opportunity_Scenario_ExtentReport" name="Activated_Contract" time="0.000">
    <skipped/>
  </testcase> <!-- Activated_Contract -->
  <testcase classname="Test.Opportunity_Scenario_ExtentReport" name="Order_Creation" time="0.000">
    <skipped/>
  </testcase> <!-- Order_Creation -->
  <testcase classname="Test.Opportunity_Scenario_ExtentReport" name="Contract_Lost" time="0.000">
    <skipped/>
  </testcase> <!-- Contract_Lost -->
  <testcase classname="Test.Opportunity_Scenario_ExtentReport" name="Quote_Rejected" time="0.000">
    <skipped/>
  </testcase> <!-- Quote_Rejected -->
</testsuite> <!-- Test.Opportunity_Scenario_ExtentReport -->
